<?xml version="1.0" encoding="UTF-8"?>
<testsuite xmlns:xsi="http://www.w3.org/2001/XMLSchema-instance" xsi:noNamespaceSchemaLocation="https://maven.apache.org/surefire/maven-surefire-plugin/xsd/surefire-test-report-3.0.xsd" version="3.0" name="alerts.AlertFactoryTest" time="0.316" tests="3" errors="0" skipped="0" failures="0">
  <properties>
[...]
</properties>
  <testcase name="testBloodPressureAlarmFactory" classname="alerts.AlertFactoryTest" time="0.178"/>
  <testcase name="testBloodOxygenAlarmFactory" classname="alerts.AlertFactoryTest" time="0.003"/>
  <testcase name="testECGAlarmFactory" classname="alerts.AlertFactoryTest" time="0.003"/>
</testsuite>